<?xml version="1.0" encoding="UTF-8"?>
<!-- Generated by org.testng.reporters.JUnitXMLReporter -->
<testsuite hostname="DESKTOP-6HGP4Q4" ignored="0" name="Login" tests="7" failures="0" timestamp="17 Mar 2020 15:42:32 GMT" time="1.145" errors="0">
  <testcase name="InvalidEmail" time="0.042" classname="services.Login"/>
  <testcase name="ValidFepUserLogin" time="0.264" classname="services.Login"/>
  <testcase name="emptyEmail" time="0.032" classname="services.Login"/>
  <testcase name="emptyEmailEmptyPassword" time="0.038" classname="services.Login"/>
  <testcase name="loginWithDeactivatedUser" time="0.057" classname="services.Login"/>
  <testcase name="validEmailEmptyPassword" time="0.037" classname="services.Login"/>
  <testcase name="validEmailInvalidPassword" time="0.28" classname="services.Login"/>
</testsuite> <!-- Login -->
